<?xml version="1.0" encoding="UTF-8"?>
<testsuite name="LibraryTest" tests="1" skipped="0" failures="0" errors="0" timestamp="2015-03-07T11:25:25" hostname="raspberrypi" time="0.048">
  <properties/>
  <testcase name="testSomeLibraryMethod" classname="LibraryTest" time="0.048"/>
  <system-out><![CDATA[]]></system-out>
  <system-err><![CDATA[]]></system-err>
</testsuite>
