<?xml version="1.0" encoding="UTF-8"?>
<testsuite name="net.frozen_butter.helloworld.WorldTest" tests="1" skipped="0" failures="0" errors="0" timestamp="2015-03-07T13:30:50" hostname="raspberrypi" time="0.07">
  <properties/>
  <testcase name="greetResultsInHello" classname="net.frozen_butter.helloworld.WorldTest" time="0.07"/>
  <system-out><![CDATA[]]></system-out>
  <system-err><![CDATA[]]></system-err>
</testsuite>
